<?xml version="1.0" encoding="UTF-8"?>
<testng-results skipped="0" failed="0" total="1" passed="1">
  <reporter-output>
  </reporter-output>
  <suite name="Default suite" duration-ms="1645" started-at="2016-10-05T19:27:34Z" finished-at="2016-10-05T19:27:36Z">
    <groups>
    </groups>
    <test name="Default test" duration-ms="1645" started-at="2016-10-05T19:27:34Z" finished-at="2016-10-05T19:27:36Z">
      <class name="com.apple.rest.automation.ItunesSearchAPITest">
        <test-method status="PASS" signature="httpClientAutomationTest()[pri:0, instance:com.apple.rest.automation.ItunesSearchAPITest@2b80d80f]" name="httpClientAutomationTest" duration-ms="1592" started-at="2016-10-05T12:27:34Z" finished-at="2016-10-05T12:27:36Z">
          <reporter-output>
          </reporter-output>
        </test-method> <!-- httpClientAutomationTest -->
      </class> <!-- com.apple.rest.automation.ItunesSearchAPITest -->
    </test> <!-- Default test -->
  </suite> <!-- Default suite -->
</testng-results>
